( ( ( A6 A0 ) A2 ) ( A1 ( ( A7 ( A8 A4 ) ) ( A3 ( A9 A5 ) ) ) ) )
Preorder
r0
r1
r2
A6
A0
A2
r3
A1
r4
r5
A7
r6
A8
A4
r7
A3
r8
A9
A5
Inorder
A6
r2
A0
r1
A2
r0
A1
r3
A7
r5
A8
r6
A4
r4
A3
r7
A9
r8
A5
( B0 ( ( B1 B5 ) ( ( ( ( B2 B7 ) B6 ) B4 ) ( ( B9 B3 ) B8 ) ) ) )
Preorder
r0
B0
r1
r2
B1
B5
r3
r4
r5
r6
B2
B7
B6
B4
r7
r8
B9
B3
B8
Inorder
B0
r0
B1
r2
B5
r1
B2
r6
B7
r5
B6
r4
B4
r3
B9
r8
B3
r7
B8
( ( C0 ( C8 C13 ) ) ( ( ( ( C19 C4 ) ( ( C6 C10 ) ( C11 C9 ) ) ) ( ( C18 C1 ) C7 ) ) ( ( ( C3 C12 ) ( C5 C14 ) ) ( ( C15 ( C17 C16 ) ) C2 ) ) ) )
Preorder
r0
r1
C0
r2
C8
C13
r3
r4
r5
r6
C19
C4
r7
r8
C6
C10
r9
C11
C9
r10
r11
C18
C1
C7
r12
r13
r14
C3
C12
r15
C5
C14
r16
r17
C15
r18
C17
C16
C2
Inorder
C0
r1
C8
r2
C13
r0
C19
r6
C4
r5
C6
r8
C10
r7
C11
r9
C9
r4
C18
r11
C1
r10
C7
r3
C3
r14
C12
r13
C5
r15
C14
r12
C15
r17
C17
r18
C16
r16
C2
