51267
16540
20770
46066
24748
45030
46671
34491
43361
34366
21443
31679
42331
43376
27910
1187
20268
41122
48209
26079
30304
27691
22669
6087
16573
5930
37046
8895
51362
21470
44091
10626
15833
13675
6731
3322
8574
18255
12958
48617
49519
1982
44793
28026
29065
9000
12211
11756
26586
42575
30754
49453
45717
44286
792
51338
49021
12323
9091
39050
39980
4234
11001
17178
41499
16431
47463
32500
42134
32426
16564
52855
26844
46739
3389
34006
43546
26188
28282
38248
3308
18035
51822
18824
15701
32740
23752
5185
36283
35129
17496
17083
12269
28465
37640
52689
49185
9804
10516
30818
41753
50787
19881
41180
46998
8175
36316
48344
887
24939
13043
51744
40017
34154
30634
25099
25427
33173
4605
45598
8925
10554
25949
26601
31112
13309
46273
22587
20679
53630
36569
17551
45893
11894
8111
36471
48484
24928
22189
22663
21924
19859
32904
22050
38780
32216
17869
11411
52135
29353
30325
16789
4519
8137
20043
13942
20464
18410
37486
49897
38250
47299
16445
47398
6004
44823
44725
21148
31201
53514
32662
35881
8833
44280
47785
5738
25951
52807
49905
12414
32846
43666
43432
41662
34715
2847
52488
53073
36531
23683
24600
32229
51309
12882
9818
52915
1019
40628
36252
6411
15959
21399
9012
54370
29209
7529
41325
41081
5788
34666
18473
22397
46379
43682
14676
33680
18812
18399
45476
14841
9869
17249
4894
16794
43699
1693
6610
43901
8625
28691
41412
8983
12871
17020
10164
11538
48651
33983
54535
41786
7353
23522
40402
11659
47092
10046
17149
34592
13186
7209
47021
3146
18620
14931
2411
24810
20314
28013
17097
54580
35800
35468
13055
33633
6558
39474
9859
5086
38690
30676
4090
9710
29545
8782
1737
34586
31748
15836
16411
4909
53275
53035
2047
9093
22022
18800
6172
2009
2873
8817
34763
31825
41752
8458
20979
37568
27219
8372
27740
4497
10287
34551
46529
44675
26789
9106
25264
23822
34991
41457
50021
45455
2120
24012
1003
17548
47938
7292
4737
39690
52353
23495
16807
50283
29666
44840
3639
8840
11195
54008
34364
44864
27403
18625
37485
1396
33182
28681
23807
48684
38627
31953
10687
8482
40092
42486
6983
5919
22009
39182
46707
44004
10656
30335
5399
45404
6836
20178
39682
38195
32003
39648
45913
17763
13542
40487
18707
34574
54587
10694
5714
13562
6884
25184
9508
33353
37842
50916
1165
28906
52423
9246
44465
21204
34138
10269
30581
5397
8387
798
43335
20654
34756
457
46988
43928
34632
13175
40830
27838
6555
43250
39315
4959
29890
54056
15064
4441
27592
46573
15810
34824
33513
42260
33930
7269
29848
24486
6528
2094
30716
52235
4635
5381
16387
16363
52999
21609
40591
17878
30467
42183
42348
32777
41878
40740
36887
29530
2588
37124
52723
43281
32403
22744
20518
48517
53560
12464
52644
20935
48142
33807
27393
24898
33796
27828
35990
42519
26513
36521
8089
37627
17806
37020
53291
1263
11464
42948
44937
31000
7752
31434
3292
4958
18640
37461
38031
36674
29917
29493
20370
44895
48266
44946
9252
27485
12339
27804
51192
5631
49707
20106
2027
16688
13289
36825
28165
43640
50604
12675
31411
31530
31113
3598
23449
4369
26720
48522
8021
52133
53543
1217
21761
8993
13423
45198
24937
14345
28646
34580
26544
19417
746
36809
30236
25862
18484
39779
52140
11514
10157
38653
3314
4965
52416
52386
47812
45735
49003
18200
42836
6300
16863
12162
36593
50184
53033
39797
15068
43910
13640
17026
1496
20061
39276
700
1284
49388
458
20469
20149
48183
9311
2917
11719
25649
51195
40665
25040
53066
50528
28257
25929
49640
29023
3128
34902
28293
50097
40810
36307
7590
2559
49657
20340
12200
4216
41544
472
23332
48629
30706
31235
25956
43016
43497
47434
45624
34495
21302
53014
31085
54235
51714
18731
13474
37889
11566
13744
40008
53462
13812
45537
4511
38472
21533
40580
41137
44607
11124
42685
22904
9922
38784
16944
13628
24233
36018
9784
24058
41455
16405
5510
41064
8836
25245
38521
40662
54775
42031
3271
2391
30410
5177
3561
42148
36552
42458
20125
30507
49015
16693
34126
34310
27825
181
12600
39239
11546
24714
49295
7916
38814
45529
28134
23231
8585
15185
16439
1628
20541
4627
2627
5577
31710
36237
27889
25087
44657
9377
21974
43187
50101
47604
45694
4723
18674
38734
23749
45439
12325
48772
17978
34247
38218
46540
15607
41037
33991
5265
52298
44201
14603
21636
29562
12973
42919
42298
2099
41656
54295
42527
40724
378
12183
48730
46681
30226
15253
20669
13526
20213
30627
2279
2885
40975
36463
46665
27341
23763
47830
2296
51628
15201
22093
11934
14646
28966
4658
44219
36007
17920
38505
15665
47627
18226
43726
42477
20185
9714
435
48963
16170
47148
12429
5507
29275
15053
32804
1098
3918
25025
52652
33097
37005
48766
37922
49631
32119
733
39018
3626
1917
47654
4228
4704
4904
35639
28367
40189
13940
4733
19863
1110
43070
38947
27318
40877
17214
26361
37733
16986
35046
52486
38536
20198
35704
58
39711
39640
30732
37459
8422
9671
41796
3284
30747
25151
5454
2539
15459
27278
8615
3987
32168
672
54505
35253
24704
35981
21099
8917
4039
28766
2761
13298
28612
22577
50420
22248
44544
21073
2882
16453
9794
16963
3005
6637
51568
47050
7681
36994
39694
10374
658
33438
9846
3504
39330
17607
48892
26127
3256
25300
21270
25295
47068
15861
30603
53660
35120
9838
31628
50246
27253
46817
17744
1514
31047
38246
16831
48597
17710
45147
53306
49270
2972
22062
15916
28355
7392
52506
13711
5043
33359
42240
16005
16123
25747
39783
14056
27195
13726
52676
18960
52605
26234
32294
53805
45119
7996
10622
44098
5155
14411
26762
42319
24601
47513
10264
48352
50089
39487
15639
14800
3754
7165
50210
45273
27097
19406
1656
907
51330
1005
54172
19014
7815
7589
7306
32773
3603
23972
6283
36830
20349
40068
50614
15176
48136
30872
3355
36489
825
38178
23111
6914
53024
14984
46506
23666
8662
10391
51788
4007
26121
50458
23024
30926
5057
23400
27007
4812
808
7322
40247
15226
22015
833
43987
23216
8791
3309
11376
4714
17272
491
13405
50687
7460
48124
5990
43011
42314
14284
54018
42005
26483
46804
9431
22274
33798
54424
18970
10101
38950
46613
28996
4192
1549
2928
42936
35094
41086
41882
4934
28880
30349
16620
41590
30512
32832
32097
36768
42167
7478
27083
28974
14392
14146
45233
10382
38434
54456
1728
45616
6232
12569
5888
45313
31967
54732
10881
45411
40467
18764
32118
31877
47417
3563
4292
24483
40195
16509
24896
29679
3903
27111
11374
12664
37938
47531
34729
36708
5518
22438
11707
45876
35356
33313
8491
37618
6486
23278
24642
9735
17239
43525
53181
25696
20629
46618
7174
25213
26686
8485
30204
36895
2395
32073
47282
33901
12776
19980
32369
45743
32790
53760
3481
894
4680
16795
25374
14188
21206
19930
22940
1103
27865
28455
7620
19233
26476
51319
5928
7083
5937
31393
35632
12037
46900
31222
51082
27708
16048
3932
45286
21629
2828
42175
19972
8033
20988
1734
48126
47982
7738
24981
25814
20191
51188
27559
39813
23030
38164
51548
33713
25628
34599
48424
47699
2599
52443
26246
37809
19280
28632
23834
5007
8118
37658
38326
27686
49681
190
51758
29223
7659
13992
22879
52496
24465
42185
53311
45004
18299
10928
33327
26743
44984
16919
28271
14230
35207
4674
48173
7824
52091
34569
38115
43718
44770
30111
41578
39742
48082
5674
48130
14650
42248
10587
54152
46147
37156
16691
7451
43706
7601
26794
39265
24408
16002
37542
48070
27413
36139
45778
54679
27020
8990
20900
43994
9656
36053
50964
53670
10568
6711
53567
6961
31696
39642
34395
3183
16613
24201
27811
29095
41333
16730
52436
38924
29309
1268
19384
3605
2252
26924
49133
34127
51988
35206
43053
26024
24666
40911
52
42859
10354
24957
23412
44539
31490
13108
19951
7201
33982
45785
18684
45191
799
43662
11168
19507
50286
13665
5142
2091
28421
31669
53472
29434
37418
51690
40845
28347
41003
30932
46772
6037
43583
49922
53596
45925
9549
1771
11178
47725
3945
23660
3046
44021
5802
12619
42753
12218
26308
43498
34606
13569
29392
37139
6699
47199
2474
19534
49396
15572
13690
47991
44456
37218
3576
36295
10646
21912
22756
43024
34346
39418
41869
3998
740
48929
25579
17477
25226
34853
12133
2782
21089
6589
4919
11472
1472
40283
42937
51164
30109
10976
18607
35689
29738
12515
9940
546
25343
16759
31848
39294
25102
52611
12656
24268
45649
24609
6267
46063
51810
52556
18682
26534
30213
40826
32241
28488
7548
22815
37858
47684
23794
41615
21916
3623
37572
26113
24341
30815
29754
11862
53070
1286
29468
53591
32506
24369
1037
7200
43715
39614
46105
39596
31598
39062
47112
14489
40523
24214
52757
27991
8907
51996
10358
33572
11615
13270
5546
48883
5100
23755
26139
50135
46553
37631
2154
5220
17900
36107
36888
11903
17583
47210
51684
33144
13868
33107
8099
9221
34785
42330
21420
50880
54806
12984
23438
44994
13145
38291
24611
38988
44001
24421
6475
38832
27969
45722
39516
38158
8081
47472
23079
39334
29538
44460
45873
23105
47230
31653
20220
32750
50166
46084
44291
15940
3260
11313
33284
25854
35470
46637
12550
44933
40318
44956
2221
18594
8479
26528
2139
31122
49680
19783
8860
14909
11813
27161
29486
34676
31588
15931
35111
31724
18389
1480
53152
4666
17891
2886
34228
410
15601
715
16074
36725
19101
2312
50471
31092
40116
52291
20624
6442
37383
26392
31279
16648
21213
49924
21236
9116
26510
54656
49987
23884
19195
35526
27516
45217
26214
11785
36203
28515
38604
33066
31288
37687
54379
52393
15905
45935
30197
40696
6954
38855
20632
51948
14966
31864
5228
53966
11497
37677
4940
37463
31241
2517
46564
51098
35260
12158
47107
3540
5484
48246
24617
25105
22863
19282
34056
22519
29172
20358
43453
23226
49008
25518
5353
43504
41959
2338
52943
3494
25758
11676
8727
20520
7577
50638
14687
36046
21936
27534
53694
53178
40477
26006
9644
10527
41778
13600
19258
47242
52479
3098
44377
6661
38863
40411
51942
19114
49382
46178
24493
12474
12695
40228
31640
13165
45979
7022
19912
2638
48688
27699
29764
33011
22592
29898
26381
18063
43587
33656
27732
44755
38642
42251
19942
974
26128
35366
34831
19577
22831
50028
15617
6239
4817
23817
49449
9574
11577
12783
29039
36816
28157
2893
8074
22458
20763
39720
3665
44818
34628
50454
13049
10508
32323
11598
43598
39823
16970
37055
1343
10210
54362
40630
34284
13356
51361
48227
17390
46872
1442
28683
39527
7966
49571
39870
51881
28608
43075
30879
49140
51765
52728
2470
30501
38838
3193
6670
42277
49043
41334
10420
39488
966
25844
1363
44886
19293
42841
11482
44963
33055
48978
9649
46776
51526
10739
51608
13011
29982
36690
10571
19426
3844
38842
3518
20481
24353
42863
46833
52871
27802
41253
45407
53340
30315
26151
3934
21954
39909
22044
53315
16655
20745
24848
48935
14256
30931
21185
11079
21882
11925
51335
49534
26557
29886
27259
7677
279
8198
23484
24679
32817
5267
27121
22556
54318
11909
10105
14181
47240
28813
4619
25754
23048
45991
2388
47186
37321
24375
7698
49444
2181
34309
26759
44554
28590
5890
22981
48263
27786
29659
18344
6995
41207
31307
16954
34792
38926
13381
29142
4855
37390
43479
37763
8601
1405
319
24261
14085
6157
43538
1913
39431
8682
23773
20693
361
48201
51790
42086
32412
54527
32484
37106
31547
24893
8403
40101
3264
1278
52907
21297
27984
23703
23990
32673
41821
18408
41425
19662
45769
47755
13229
35579
15895
39013
26705
25434
15869
28000
51891
24818
22476
10179
1648
1847
34604
35132
27507
37821
10969
35513
26865
38762
31578
27086
6518
18005
14395
2273
30600
44874
34219
38269
17345
44396
48826
21698
18294
17602
40112
51602
4504
53326
3633
49321
24770
8755
42501
36778
54102
8552
16264
11105
47367
29680
42639
24542
16518
32352
38025
11406
33271
32109
46886
25118
8276
50188
20445
37828
23944
34145
48657
49138
37110
37799
11627
53479
28695
12964
28198
2397
18712
8145
51704
3367
51457
48806
44253
52661
36314
16554
51752
33466
10383
3617
31442
29121
11973
29461
9819
46442
15984
5995
1348
16114
25345
18984
11685
10933
54138
35320
35485
20383
14463
1950
43246
37996
41490
42563
31030
694
31501
145
30659
48753
38466
32211
20134
14808
16639
49443
37452
26490
18616
41109
23395
32341
34114
47016
45916
53898
51145
34029
38349
46266
4157
52949
46771
41792
43382
51256
54184
20661
3321
28918
14914
24008
24479
26133
12298
43883
9125
21163
26432
38554
43076
9704
33287
24159
13091
12851
40505
37199
25501
44054
7931
24348
54448
26294
19350
19714
34703
51500
38445
5465
10320
31263
52746
54093
11084
53470
32459
50057
2045
31758
53939
46855
48979
9494
14974
48984
45027
25263
23722
12243
33458
43366
44352
2074
48852
48148
47865
26977
19512
43425
45927
36333
46336
488
52039
53916
16018
26275
32388
13246
27158
2648
27011
39586
496
23757
40291
51725
16615
8098
33401
12370
29957
2540
53834
41969
15352
30543
45341
37305
43916
16544
16929
39859
52906
47395
36163
48858
628
32063
32233
20389
42106
884
24693
53911
14186
24337
5794
43140
40194
23504
1676
53813
19670
9727
6682
18701
5196
50346
6863
3214
49672
14552
35999
6005
40528
10478
49823
35917
2505
35242
3398
43313
36166
8344
39388
21742
15077
26333
29916
49193
16525
655
25738
44170
765
17714
29932
6207
8744
37129
54084
21487
35316
31743
6805
39558
4241
8801
33741
37666
7887
35792
12083
10679
53123
31189
22363
34202
30117
31131
10939
50581
18568
32631
19606
1214
39566
13008
27666
16591
7994
49358
14445
35599
28599
40348
9314
7308
3306
47084
25706
18738
18787
19234
36216
53411
19461
50534
32582
18136
9851
17048
3482
14477
20501
44240
41659
24290
41291
43435
45899
31624
5274
42665
19249
44038
3411
4381
19480
41245
48692
27095
46368
17443
47274
37073
36297
17348
8449
28104
47362
30273
11565
27931
29016
28804
50821
8062
8242
47129
48322
10404
43562
23180
22404
52267
37433
39085
41956
10774
6550
3862
3015
38281
19904
6562
46524
49878
53800
13917
16332
3640
33554
46808
3316
36370
43256
22378
617
10228
23739
39995
7772
8676
30891
43276
35162
33837
20613
5656
1511
10331
51292
10344
23244
4010
22258
31686
21539
37072
30009
24199
12350
31154
52865
18009
27423
42660
7796
32894
17319
40669
3437
46018
7058
12634
15195
5239
4697
32025
19172
38989
3055
43519
45641
11626
22532
29557
7098
18586
18199
754
33855
49592
12472
16847
48773
14402
5229
52158
39439
20594
50543
50122
14349
34965
15878
13030
44479
15544
25315
4672
28960
10966
17951
9343
13848
6681
42667
30423
6255
4614
46059
40604
48797
1571
17773
36637
35192
11576
23149
8535
2239
14748
41094
3025
8428
9379
4758
26811
3585
38499
50575
12423
39576
48205
43742
54394
36366
26067
20618
31339
31868
17371
54252
32286
5149
52720
2694
48346
51925
52620
21069
5592
28800
162
19653
41026
24596
19771
42261
25185
6852
52923
4592
32134
33176
47609
1429
10717
45751
36748
28024
49548
29692
49841
12811
51150
13965
13858
624
53504
5964
9278
3051
31130
34191
34920
29632
30084
22402
31134
34482
23587
4937
35276
23005
42700
30384
28537
20879
43737
17357
17628
6090
24079
24494
14012
13374
9228
43150
47039
46526
7032
36730
6543
17370
20001
40122
43526
28212
51971
30361
40892
13455
36320
49955
39253
47626
2230
34332
41346
53611
42741
26185
37715
48223
9933
35670
12475
41469
15892
36501
20905
19305
1883
22930
12623
42987
42850
48706
21000
38388
2597
24631
34338
24652
52035
36681
8356
12608
12685
11337
17830
51348
49799
27294
27764
54297
37404
3274
4587
27077
18041
15737
43232
2222
45811
11939
14399
30959
14172
51848
30390
6630
2947
50252
53101
23359
29033
3800
16476
49762
28136
44504
15688
12143
35376
54034
44531
30368
21567
30887
24388
18631
17631
8057
9292
39188
40458
20531
28611
51769
43963
21715
21657
9616
37302
7166
20640
33005
47046
48667
38930
28240
15177
450
12334
20160
26466
10100
21065
39042
11747
37028
49813
30222
41441
16780
43569
7148
15480
28790
9723
24350
23095
3258
18755
18168
24954
16304
9097
53364
46845
18859
23939
10855
2102
42806
49072
7723
46532
11432
29497
2964
15403
4510
5058
24315
45509
15902
23212
3726
38633
11948
38739
7267
36079
48726
32534
13118
49848
28649
7919
42750
21284
28993
27302
35897
40135
1272
6424
37420
27349
23517
9883
45322
36979
36693
48092
46302
21695
2165
21978
25741
18363
28179
3604
32973
45561
50451
42969
29127
5308
30689
23717
4421
2352
11849
19189
5121
6059
28735
5595
31070
3524
41263
4020
33073
15726
45347
53256
5291
8716
15789
24921
4999
29267
23326
50954
33626
22995
18806
23037
51206
8652
45116
22690
41218
41076
4803
37205
1564
13064
1014
35269
10913
19788
40404
51096
29868
37384
2163
4428
5871
12536
52636
48544
34472
42777
16998
18600
20806
28671
18611
6200
25254
17224
16478
19985
51880
16832
42887
19567
27640
17139
50805
25104
50172
45838
18268
14573
36206
20244
3982
36340
13851
36150
54197
28119
29720
11243
49718
47811
1921
23198
25712
28417
19068
35186
39656
32493
39605
10056
11236
729
48430
27629
39748
40746
54210
44968
36359
22164
14870
45511
26649
45985
47260
5555
14524
25834
24416
4078
42622
14124
27540
47849
7279
38076
21561
26840
28483
52100
23771
16340
16369
33643
52818
12013
47852
30399
1642
1099
29103
39517
53438
36986
30784
4314
3600
14315
12184
36950
4147
10186
23643
39729
7922
19106
42154
51059
18446
45560
40277
5864
17680
42693
47727
15675
6336
8296
4206
17923
23713
12530
40457
10689
48958
8543
54232
11994
17402
30875
21200
22137
22239
46876
13593
31612
8255
42843
24437
40336
49348
40178
18939
11188
6776
15468
13340
41889
34416
34722
22186
23101
53991
48402
45968
40811
14779
44925
22543
24277
7343
31159
37490
48073
52557
51280
20273
16147
52794
11011
28589
34425
16322
23471
42739
30697
42297
19303
35438
15615
16343
17953
21505
24024
604
49491
37874
41376
8657
19830
4390
34147
10663
4787
12720
690
20440
50751
6813
47066
6648
30917
631
9477
17398
48555
34929
15275
49938
36111
1746
8957
40998
29712
51779
19135
17314
47331
5429
7848
33498
44746
31354
51368
50126
9844
31946
6150
36171
41636
28244
4647
50003
30662
30846
47792
22694
3042
35374
53422
42979
6582
23651
38682
38099
36684
36153
41251
1588
18694
20944
37240
39550
42986
45761
36761
39399
22783
30825
37226
32532
8205
16474
53131
7714
52524
22627
19427
46556
2128
36788
52998
43102
25620
44230
7337
42407
43634
51097
54725
8706
45852
34065
20784
16373
53827
36505
3854
38539
33512
36601
21862
52771
11955
3490
8155
17867
46787
35142
50366
29179
195
29255
28653
39229
41722
42179
25566
33522
4599
30737
25483
30592
28718
42307
42249
20395
34359
2902
32569
43030
47912
2994
35424
48693
2923
32035
40791
20688
19215
12469
21622
40205
23685
53524
11158
45069
42483
46165
32333
38046
52120
3059
29963
30904
36561
10054
38547
39248
17386
7972
25445
40257
51223
52886
1617
15573
11445
49277
35907
43804
23954
6234
44296
38755
3672
21785
26485
6680
54349
49149
31980
47004
20887
226
14116
19146
46939
5877
35407
10177
13512
396
29908
2367
37729
14729
4950
35399
11136
33014
52243
9035
4469
54781
9360
7746
3228
30612
33745
19444
20286
29428
23252
7680
28376
53455
18165
11435
30262
15728
1259
13191
53923
30339
53305
50909
4218
51103
1205
26807
24258
12754
21929
52481
14855
36042
33022
19018
11108
14459
40266
35604
28864
49109
13797
14953
19745
52732
4331
53653
48007
6397
13706
11224
47411
28391
50155
51577
38779
30444
14733
48244
4164
32159
10027
27578
18514
7613
19332
8505
27036
27522
20580
40697
49726
36480
26800
53736
54028
16054
11732
41050
28859
32808
34329
26670
35479
26093
34837
50830
23250
54336
32181
36960
2115
10223
51355
18793
39514
5502
50200
1067
6726
40355
3301
52007
22125
37917
44436
3911
28984
53997
23687
45644
5962
1057
16503
37637
8249
19203
1438
29945
54436
14834
45227
9353
5223
13318
19315
26763
21085
37026
13035
23044
21571
5621
22484
26545
41898
17041
9034
48255
15156
36536
51687
27151
41465
7114
21856
4081
28338
25010
42447
29419
18337
47305
11742
46061
45866
25473
26937
15423
40679
6113
47525
33844
18527
42467
41197
22130
15245
33720
19339
38344
42938
19986
21599
47566
45632
48689
41696
39503
21802
26057
7890
20158
34641
10513
3551
31493
45131
34527
10431
50444
37551
30791
48868
20840
29111
9524
29004
15379
16588
9132
34296
14848
49687
7037
19594
11057
50851
18135
16669
29044
24122
11075
36533
32356
34681
28485
51051
50777
46764
261
48622
51791
31854
52382
8750
30083
47491
31919
54095
49404
21675
39111
34893
23570
46267
31783
50615
4768
18868
26766
2488
50590
45025
51587
10799
17625
21238
34956
33238
14636
42388
7697
48816
29283
53593
13331
36287
14080
5786
34649
32700
32485
43840
48577
53686
7585
16997
54096
42190
15477
45291
53383
21469
29213
19205
28186
14094
49714
7801
40601
31470
36948
15656
15087
54340
19572
609
189
25126
48330
23189
34572
44706
38479
12925
33544
32641
18353
41059
37757
39162
47263
26413
6188
22933
17601
35859
17991
54255
10758
41392
41274
36141
44961
22628
8599
10593
14108
18023
1764
37180
34215
34007
47364
46344
36647
28210
21429
5829
34562
17971
34864
21401
51830
9082
13422
27949
28627
135
54116
15038
49458
11410
406
19970
25114
11454
20080
19549
33538
5807
751
25938
27181
8672
9729
50378
48153
33059
41513
27858
15854
13221
44011
25895
50791
39124
29929
10333
49593
34856
22156
47077
45428
34531
34302
28057
26090
40437
17699
52628
16705
12425
34736
6808
15406
52779
18818
9428
53280
54183
26656
736
46943
32142
11608
17635
46041
22566
10736
40181
2290
15284
5701
14291
14516
12442
34663
2456
9913
54556
34693
49579
54162
53391
36792
13164
373
35339
31320
16716
46859
44939
12499
26833
42830
51190
8809
36630
41101
49812
50390
9780
23802
49467
3565
29064
51110
17595
5131
185
43858
1940
9501
36557
38201
37995
32245
37475
46835
9497
33389
30300
43696
10005
54523
18436
1267
4581
9639
18097
36957
29505
7196
17050
33254
13587
41433
8400
32355
54511
4400
42598
8589
1086
26672
27326
29367
23092
31585
3592
38413
10784
35802
45299
19806
15556
10498
14737
20289
50500
34075
28613
49317
36015
8749
25585
4976
39941
51468
51998
21391
33302
301
45570
45047
25512
27425
47385
54722
22850
47597
47772
16497
25406
51201
13655
1126
9932
32658
11782
30648
48038
36146
44111
35926
28702
42555
23695
32171
5693
7485
25141
35327
40367
28566
2041
32496
21778
15093
30276
40643
46698
6721
34799
50946
26140
31044
4297
52920
182
40754
46740
51129
47822
21619
38492
17254
26699
52256
7929
54434
23488
30047
18888
2987
8949
51904
32018
46677
24404
44915
17735
52110
40340
33872
8412
53200
6086
47662
19058
25694
48727
10452
14
29006
22737
46201
35573
20788
17431
14946
34123
49084
44790
35228
36403
7118
19025
46051
51663
30450
31863
2184
32692
51657
7316
22285
24477
7204
23610
44331
23615
2057
36523
43020
32865
38458
27809
51911
48722
217
948
6094
37617
26776
40758
29359
51475
20130
5153
15857
41705
51026
21171
46643
45500
48365
37723
44184
10308
25783
15758
2085
44615
30292
26049
24357
34787
22670
21457
1974
45141
14649
42402
44183
43599
46301
47184
15781
50302
19625
26580
47800
53237
43992
19633
9891
21382
8883
3885
35270
22342
16808
24511
8419
6148
8941
11252
42567
1848
47140
12859
12916
53247
27606
21127
48583
25420
16280
29871
15430
6137
23162
44248
49473
3455
37690
44061
10474
16315
8005
43490
42
9809
2048
3235
7221
48350
13290
45997
45859
50892
53301
42982
6224
7556
45367
1862
29022
27672
9105
41859
34067
23114
47859
49694
19143
5385
10789
37215
50670
9165
12341
25547
4887
8464
39674
17749
3206
2777
23946
39329
22348
17253
29941
24737
18991
11365
35818
21556
46348
49328
42909
7069
17275
49508
36415
1791
28531
45715
12026
29239
52104
15982
23945
16230
54646
22102
45098
54067
52982
50262
43788
31804
11809
20776
27286
48000
16379
13757
12073
5482
20201
1730
39070
101
5434
44426
50537
49086
54100
3077
21870
19893
25459
20118
29330
50884
52881
20743
4979
43510
44390
1252
26875
11114
51741
41312
18698
52449
54388
34639
36256
1819
29323
48192
46866
6803
24913
39703
18365
53415
50511
7162
47337
35571
22769
28750
10413
8246
53785
18427
47162
30897
49933
6507
7687
5167
24354
4851
35660
2266
45826
30807
8515
5582
50232
11093
13412
54397
43263
42818
39371
36178
10188
3597
27711
40307
39307
45418
21844
31052
5746
17140
14414
49700
47890
39735
36351
14557
28075
253
23547
24429
21667
42462
11289
10847
26103
35009
7608
14590
54029
28706
20673
8260
13949
40503
53140
31314
16273
1645
26984
45495
18666
26171
37346
32941
12936
33935
25829
36422
37517
6966
17599
22377
40840
38107
8283
24253
29246
745
42051
19272
36738
39923
14684
54055
54176
51085
51551
46436
30709
15386
53138
49858
18447
46326
474
666
23669
16200
33179
48187
38559
31910
29855
9670
12708
35588
28836
34046
35465
12818
17297
38309
31989
19051
3119
46459
10956
23565
46254
13010
34360
25198
32787
4778
141
20761
10562
34768
18502
25385
10277
24739
27398
21228
31309
45054
2644
41044
43849
22119
20546
47542
12770
54568
48541
32041
37120
3662
17700
391
43609
40173
2763
28088
12447
10748
43333
7423
42230
10241
33845
18387
27913
11427
24129
50858
897
24976
9772
46098
41565
50480
37833
31892
34839
24134
19839
4177
7418
26630
25850
25872
35891
26137
8044
18247
49734
49522
54707
33955
20275
44930
21734
7153
10240
6051
28366
46329
10448
18532
20817
4344
12999
24164
12061
9742
53811
40730
842
29809
48780
3531
17154
37232
54735
11259
49556
32150
24638
15025
20404
34318
38191
44650
41176
31258
40166
18278
22581
31026
29289
25437
27720
6350
40368
28300
54544
32074
40619
21095
39500
21359
41267
9622
7015
35118
53547
12736
33405
28449
37328
30188
42615
18087
16988
22753
3408
31707
8870
18143
33941
4567
51395
28431
3480
36857
15696
671
16898
13800
19000
6265
43241
35743
29513
44521
11067
29340
7707
34945
5773
30656
2001
46123
32438
7840
39114
709
27380
37977
47771
15546
50815
28098
26039
22171
42722
18109
41854
52022
26976
30560
47854
10220
79
2211
39075
1854
33861
22975
28220
31728
37254
15512
26825
53147
17378
40949
44312
37601
23265
25350
6898
9366
18465
52373
35248
20704
32687
25277
15031
18264
34099
52883
28828
7068
2343
18046
51211
35461
48943
15799
22392
36088
33277
1708
50487
3070
42271
37315
34237
23590
13926
23524
40611
52265
39921
37604
46549
29723
46129
18227
14506
35106
48836
32987
24225
25060
44862
35644
53863
33099
27573
21946
24724
34179
25173
1812
25926
6907
49614
45327
2256
54364
47665
9593
3246
47962
10447
12324
33323
25986
47965
50556
24991
5109
45061
38223
39331
17801
46629
13930
2940
6931
1707
8765
6651
26894
8106
17284
43593
46188
38435
53089
21428
9506
44832
18216
20110
21447
7970
41508
33653
32394
21528
7436
38318
35518
49305
40590
52775
7116
13765
35624
39533
4478
18675
7407
47736
13503
9351
49157
29487
15667
39101
19997
8315
19465
30104
20934
2676
358
1601
36382
54000
1578
3699
41930
54618
29649
2730
25322
54194
24621
31556
52838
29872
12583
44173
1093
53536
41645
36056
30420
19323
53428
32966
52903
16987
47635
35899
42378
1381
17366
23932
7566
5952
53888
52630
48291
29605
14306
38384
21953
6067
51650
33581
51184
44400
26304
1384
39084
43830
16605
5452
2462
11154
14278
5349
17884
36259
41689
11886
38962
43636
27498
25904
6179
16661
28411
51982
41112
3348
34290
28010
2514
9440
44216
27706
45266
32828
52534
28129
22265
46719
9563
7499
11793
10239
26731
35306
10321
15998
45433
31529
14696
47937
10528
31088
11820
11003
5119
14072
18554
43068
36732
33372
47616
4741
27275
53646
25966
54583
10059
53483
15745
49440
27817
29078
24480
26527
36372
12252
24574
49728
49833
43605
4665
21794
21294
47715
48569
26671
22550
50284
46513
239
43329
22448
27759
23011
47203
25331
20727
43040
7489
45082
8775
54242
44667
20567
9676
11101
7830
37102
18831
50986
4051
19588
42209
18656
44086
24589
22615
38881
8030
52322
22427
44367
54286
14686
32982
12872
14220
18124
50557
15690
34092
11760
50752
48613
27122
20913
42927
15435
7894
4148
1334
18499
38808
53768
29055
1665
46227
24327
15968
51233
53367
1419
36453
27915
29998
41529
46407
9047
52459
15304
21975
52845
31180
24777
40804
43390
13155
28037
9886
47538
39349
12093
37336
23874
5074
37320
24758
46482
23464
25552
30834
4751
6278
17667
42156
16770
8803
12610
21343
32556
6990
43291
47044
35086
31373
39758
44139
36514
25112
28018
38209
41052
29473
48996
16471
39198
34307
2855
4275
7441
20884
21549
12590
32187
996
23184
40031
49342
33051
12828
14994
36385
49121
5356
8943
49626
26648
13773
11363
14002
43622
31977
29553
24912
30141
26554
15408
46826
691
24205
19637
5106
21592
7427
38823
48392
12492
32792
37335
27655
26060
3165
54453
44854
32042
39222
37986
47638
4753
32928
13604
53933
52244
39864
10492
26338
43289
40236
38056
23054
52551
47405
9569
20800
34033
12054
41843
40085
20699
11268
22919
41385
52509
39178
15203
23829
24472
20256
12578
17985
19560
27587
38830
5634
33337
16106
19092
2630
46587
17189
51707
2910
19261
54496
39896
51484
32997
26442
48743
24836
8165
21181
23868
3744
25454
25006
53984
13516
2722
1536
19643
50157
36494
40056
3810
24092
4722
44905
6768
35869
24029
29774
44359
39393
26784
48116
54452
15594
14825
34522
3173
27626
45801
13431
2173
32310
36872
23170
10035
30054
30076
28114
24671
24016
27453
44563
26106
17562
6416
18923
33474
37323
21041
18915
1447
9413
5946
51272
48643
53190
10198
20653
30269
33034
24797
28395
26170
36587
45378
28661
40322
20557
42422
42731
39298
35887
22557
33079
54475
3835
6911
6859
38374
39693
11949
22547
53579
6647
35194
50662
35494
14880
35104
35299
27537
8527
17916
6882
5317
50512
1043
21194
39659
21280
19750
12289
44416
19885
25286
23633
29390
37094
17416
16236
21750
12835
4142
21842
9068
27267
9136
11112
6078
44642
24562
21363
15218
23842
10531
39370
10757
12952
40515
32598
54549
53731
2563
39212
54513
25571
8217
7857
47150
14483
34281
10514
24509
42073
646
10918
8955
23431
39484
44744
32806
45370
14166
25877
40147
4364
23859
54241
22023
33425
48565
51671
23555
39647
50969
1392
1466
39385
18148
8737
38900
13057
31788
8052
17586
37559
35677
2461
8623
10169
36562
30968
41235
9556
45606
45246
6470
45092
30799
53868
35839
38341
1331
6453
27907
29648
45559
34266
5570
9510
31321
36951
44387
24082
12091
54782
16185
50416
52395
49997
39753
15773
28087
48103
34790
49375
1520
34183
16511
45239
36886
47550
43124
32766
47834
20246
4718
44927
51858
52199
29672
30862
47568
23389
36040
18849
43301
47875
37539
11914
9188
53531
30517
39534
9332
38696
9466
34274
34656
41608
10505
3679
23232
31661
19689
54357
31810
20176
19811
46310
45263
41313
6386
27357
22766
22386
50979
41226
17648
43871
24173
6122
19075
19717
46333
11731
40919
4462
51120
26790
48220
41367
29853
46602
34208
39023
16826
198
5598
20360
42691
39340
1176
4818
34164
26389
7080
14990
18229
14491
24133
43975
16698
34817
42120
40149
36161
51090
33221
12845
17181
12043
31483
17514
1687
6358
9146
13983
52233
35158
23066
48678
25410
27203
19041
40471
33278
2861
17055
39769
41717
27855
17350
53109
50320
33164
44340
27193
30549
48784
33620
33160
17107
34880
48639
22494
47644
8
1681
48669
45338
15886
38772
45014
21272
54466
27844
18980
34385
2423
11479
45596
12279
50834
7214
41129
20671
2357
16673
23909
49225
6015
37619
19596
53818
8974
4017
2442
16879
27748
40006
38907
17001
46478
35808
44718
3270
20852
26498
46093
40378
35134
42434
37762
27533
19668
50982
3889
8250
34433
31622
18864
2678
40572
11191
11763
20605
50552
41925
49108
18253
52952
41031
54124
53857
44811
5980
23343
29718
27556
18908
40661
31923
27524
31482
51556
47192
36545
44505
10865
7695
37261
37747
6493
14543
50049
35853
54045
28869
15421
25030
8245
48525
36726
9080
9144
5141
9389
8933
26076
53113
28729
33790
11740
8742
46014
10475
14787
27164
32605
49526
38277
45708
44121
51929
4267
45972
37147
2575
4947
52061
51643
3829
16132
8142
6826
42894
43182
49183
4989
44221
45041
4530
40781
15132
3197
4015
16888
49197
51139
2067
27231
45642
33821
46115
16836
20295
37789
5161
31796
40549
45244
5017
50774
11983
35221
47350
10521
1148
24236
63
37369
29786
23706
929
43058
10672
10641
25687
19521
40144
19541
27383
50600
41589
13899
11133
6879
28642
4860
37527
48926
16934
52056
10279
48787
10365
32224
29622
28912
39765
39206
22773
8011
23004
42396
48553
31192
20657
50795
23928
46211
32829
43602
7638
39588
17963
32279
39406
48876
40699
17857
21043
51530
14064
54202
35198
9271
6332
14314
17718
28554
9500
40862
38746
33966
1957
38138
1185
49025
23730
20933
6146
33906
37530
31205
30987
48977
17838
2787
25393
29230
6649
16366
34174
40365
31198
20953
5896
53952
35720
30486
7976
50083
51591
51428
24637
8069
66
51170
24362
39024
4354
50119
53871
668
42925
19125
23523
17657
29746
25058
20411
19360
8269
17977
35961
25954
33885
6333
45105
722
54486
35214
28234
21865
3711
43951
44
54460
21706
7646
2605
47502
3552
34602
15056
26353
17388
15839
12641
44002
47183
27816
31519
27690
33333
44113
5844
6655
32957
3326
51766
14547
47221
31103
48508
15824
33187
40316
44597
43800
4454
34936
30389
40965
44802
23567
14351
166
1724
52057
30552
25093
22232
41810
42874
32089
27918
50991
28279
38447
16065
38912
49992
12668
16979
41362
31755
28854
33031
30977
7493
340
28819
73
42995
5120
54705
20991
46441
13830
21864
34340
37649
31228
33142
32293
1316
13124
12459
17151
13897
44814
13456
1638
1677
10606
19392
24216
54518
29745
10623
873
18552
10341
47753
286
19680
25320
12977
52747
33776
14660
49565
6166
25680
44842
38119
23271
27475
10983
54204
11791
8440
14103
48295
5332
27961
43204
3972
6514
36800
9481
41560
13946
20824
34051
22641
47520
23328
52936
11346
17011
48046
13274
41010
9861
7415
37425
35540
6077
32499
23413
51432
21678
3080
43469
52232
48591
20922
5257
2253
28693
3789
29905
16726
48972
54366
21815
41998
21086
38421
16139
41622
20197
28677
46111
7747
34450
2245
53175
22146
6536
17118
54801
22828
4794
27683
26480
52026
38724
41648
47951
5508
17408
54278
46235
10130
35650
42041
4964
46862
30435
35338
12437
24111
37880
4184
53163
823
26207
46597
18332
956
39369
51009
8547
36226
42790
42545
53835
31532
17525
18789
26066
44192
14157
1322
16678
18784
54628
29928
33666
14700
10900
53700
866
20484
3071
42592
12340
52426
23291
4491
1796
39032
6819
10091
52069
46528
23571
10767
34489
2716
27675
32729
54665
21988
30037
49173
27189
11637
19611
4049
23447
52767
42707
12315
43591
47587
30246
3720
23457
36030
33526
14237
16884
11604
28388
29817
14232
325
224
36167
20376
4521
18001
29787
44623
11486
38141
10266
35871
28713
12546
36455
19474
15003
7226
2205
9812
17049
52796
22697
33202
23276
37852
2036
52149
14434
14775
37884
11042
19640
4870
539
49888
7039
37227
8666
12825
8371
2532
4133
18870
36378
13212
29564
1410
49954
36578
53661
12911
51781
4437
35755
54112
27246
11675
51076
1192
43920
37278
1077
35295
568
5479
44681
42953
6126
40430
40922
37202
1237
35017
16798
874
2770
54747
22721
27923
5732
1935
38093
24858
70
50876
6806
15016
14963
21511
18166
33786
31573
11840
3875
11713
32962
54512
1227
27547
2400
50036
48644
52164
35141
25208
43630
18781
32350
42507
41236
50766
22605
50371
32439
10281
814
52369
48756
8233
24725
46388
18018
35943
4764
20319
53342
42428
39668
39622
3735
18369
25756
34373
16246
26787
15122
42514
21783
13048
41145
2665
31563
19956
26638
8471
44765
54245
21117
46824
21190
38569
25132
17567
47298
19139
30437
28479
23545
21873
8559
11700
29987
25718
37967
40694
25842
32300
43445
39771
10778
9682
29444
46081
26248
30334
28262
32932
993
5610
9942
51260
43271
11521
5537
53216
39914
8857
37955
45181
24531
51060
43410
49153
24299
25016
32681
27225
21322
14559
232
27778
9322
17293
27057
25724
558
35697
16256
26087
28525
40453
28486
33195
15504
34200
35549
22500
43303
49034
21955
15930
47100
25535
44081
25792
19084
8495
42124
11030
3152
47344
45359
43168
23982
34323
9734
31913
24547
24878
13873
47934
24149
3328
9305
32209
45903
32473
7324
53166
26033
47808
18068
48299
12225
13898
47492
41721
52570
32561
44104
32529
21476
45519
2866
387
46898
49264
7742
26653
3514
28323
45363
12360
7744
19853
6042
31474
16288
3965
11816
40060
8346
26347
46848
42383
12524
7570
23368
14446
53720
38001
46242
46262
9024
34699
2812
24064
34304
9918
8613
33211
51708
36377
19820
33949
441
29315
43129
30949
10708
49249
9610
33298
52990
10314
36413
52300
2328
43821
47244
22327
14292
46626
17927
26883
11248
37099
14265
12001
28879
25977
38555
19130
49785
43261
13233
8190
19661
22801
34133
23208
31460
22991
21465
40024
8847
14538
48061
39906
34559
44699
47782
45652
9475
39209
33460
49235
14677
40989
13555
6566
24128
25530
53056
25444
17788
38498
7509
29399
27751
35275
10631
1463
11692
13769
42069
1257
51286
17065
3237
40644
35419
23698
53243
10441
30018
52825
6984
44639
18565
7757
45115
17682
26197
53338
33870
48459
37034
22493
9372
33752
20494
52541
50273
45479
33391
20109
11969
22624
31606
36347
5838
39157
12947
9191
25536
47824
6191
9839
3895
8962
21768
6605
7902
31425
5638
18638
9695
12125
40202
14200
2375
23863
15942
1380
41187
6903
31630
45659
43158
21808
51401
31734
28513
2527
34043
9753
9904
16329
11441
3919
35826
6310
46127
9517
9175
49722
23262
54294
6501
34950
40219
50999
23914
31855
27886
33878
31215
4926
1938
50358
13442
28460
31545
22529
15186
35029
40088
24088
27102
44644
5650
1786
38570
19493
13490
39343
7379
17037
47828
39005
54042
34218
30321
50493
49667
12361
22746
4877
25306
6376
35734
11488
23143
18062
19269
23577
12171
38317
26375
44068
1717
38586
44513
16764
47311
1903
4689
11943
17468
32359
2019
21806
4655
38576
10577
13778
49802
20010
39274
4452
6760
15746
49292
29379
15048
13645
50297
33035
19715
25336
19438
51445
37082
53750
52563
2446
17128
30407
43989
51386
27662
36849
1970
44447
7709
26991
7550
39699
46712
32259
6249
11646
28457
32875
25468
36115
30876
20729
10549
31456
4885
34687
17942
33562
26218
36920
49910
36275
31011
41958
50329
22706
41399
18181
44791
2321
11768
46700
29704
51281
30556
47085
47446
37011
5905
12122
291
33231
525
8380
50012
28498
37696
20585
40887
13141
46953
27254
32535
35504
19547
42576
47056
31815
26125
8409
46928
35172
47317
7093
14728
25177
51435
32632
54794
54237
20296
35564
46972
22436
47453
13265
25491
34312
30478
40328
42284
31346
37582
28579
27309
33415
37699
2112
29191
3250
52698
36437
18953
17908
14140
46798
31077
38232
34887
32052
2811
36610
29298
41994
10009
24565
13990
40689
19010
53540
18186
38996
50271
49971
52573
47445
52968
30175
41600
22767
52016
31805
37740
29569
11799
14449
43588
33348
46247
2021
7249
26142
40240
26591
9950
10256
42787
45710
20890
8153
16012
20308
49944
136
509
44027
25522
14584
46748
45727
54274
45848
49279
38149
29350
36479
5708
36938
28028
24874
36914
11965
17109
37898
34923
15747
40106
22357
20649
53257
53896
13017
43891
796
48465
30769
15294
50267
505
41204
13308
8645
19735
20230
25886
29398
16740
29918
14009
41165
4833
2645
51410
34071
46683
2349
22166
41977
3841
45447
39332
36664
18075
41738
15753
37380
39880
52031
19733
16189
41768
42559
10231
28441
29664
17816
8720
98
7048
5605
21098
50145
46449
25912
54198
18551
53094
34741
45356
46216
6943
39787
4447
49778
28178
21010
42364
5840
53819
22286
25253
22963
34613
5883
7125
14443
10061
26269
45173
51533
6709
5687
10835
45820
15167
45332
28356
54314
42080
41586
37672
5026
43773
53005
27988
35673
37587
49344
25659
52517
14028
44510
13127
22466
47377
15208
9935
54601
45044
29088
27237
38914
12618
13525
46468
33234
52305
25073
7951
30383
48925
50803
42351
25356
9901
52895
40898
54699
33956
22897
33782
15361
9957
40939
24447
2491
9182
30991
30760
9828
41279
2482
15924
29846
4030
37408
37698
26746
5366
53409
21137
24745
30665
4555
24405
27043
49918
42022
2836
37493
50387
40600
35331
37285
48647
45828
22685
20570
16459
48702
52429
38529
38057
7466
28863
16039
8326
51801
24872
13967
15161
15394
52174
4163
9139
29076
50222
48011
50242
12791
12405
6584
28242
51618
852
5301
47948
36428
5551
45058
19167
40443
41568
7475
44917
20711
49304
49805
36238
7277
51424
52932
12968
40852
22712
10485
38463
23624
15624
1368
39134
1293
22924
13284
6075
38260
121
23287
15418
41749
12554
26888
44739
22636
28629
13595
12727
29304
22372
35354
32913
16600
50509
32482
45494
1610
21255
53680
52206
2670
14895
39094
26310
16038
51220
24243
34078
54640
13266
21221
23307
8609
42440
37347
3134
20
28941
9485
4110
2131
33043
51125
15249
15646
41677
53503
31581
23534
22640
1997
16191
38485
32721
36120
1826
22881
41420
33399
3338
18103
1371
17489
4748
20766
30988
27703
17419
32547
13396
26422
50727
32269
47013
45487
11987
45001
50072
10225
17351
3779
32516
31027
45386
16750
53148
22320
40387
5173
45034
12254
126
4535
19200
33369
30683
27125
3658
30565
6111
18933
54540
7920
14762
22968
26733
18555
36907
7933
53025
39897
6706
48712
33125
48605
48360
29075
15718
41350
19976
6405
16999
53734
207
39928
28756
4975
14245
20033
10292
39492
18112
12069
40385
35068
24808
39025
47705
40779
21024
7762
51448
51581
25230
7076
2506
40745
48909
19948
50840
46031
39542
31174
42459
24049
7539
17879
13179
41907
23119
27133
5473
4412
99
33817
14389
1526
12962
53319
6216
23408
13433
38715
42464
30494
26001
17795
1310
24108
34684
15310
28810
9237
40566
20783
8806
46282
9763
7011
13034
31369
43554
7172
124
41482
47175
17931
27443
47960
23133
3468
30839
22929
7759
6277
30007
46269
32461
51522
24555
29876
426
31211
41785
37451
49048
13770
39840
19300
44155
12044
26960
25111
40403
46517
30022
26907
28951
10068
54610
2938
47507
29864
53227
13871
24456
54689
39041
9600
27
46905
48033
31076
49622
28062
47121
26467
29163
2707
43877
24232
19391
29660
39179
35952
18307
43262
34610
29262
19992
6141
51936
12562
31416
23856
34407
17753
51966
23239
28557
1664
44501
12326
12206
15970
7185
13481
48415
17824
13329
37198
15555
39922
40785
6046
5462
45207
53046
15267
35171
3973
5753
23912
22972
24586
17081
5139
29049
46372
36374
30123
10422
259
47096
5492
22678
7133
26651
4068
54328
31273
44632
12454
30376
25602
41338
38173
19454
1598
43612
50079
9965
27047
4777
4574
529
49333
16042
20388
46085
420
9929
19345
33444
31297
2660
52702
26260
54220
43236
36246
24687
52624
34555
4103
14864
5661
41155
34118
37365
48272
33659
39965
18998
14920
32623
30753
16297
35971
31697
31144
37429
7732
18187
20029
21164
46893
27957
21736
8661
3568
50108
41946
25252
43690
14745
50065
19851
31478
7771
54075
49224
17670
52228
566
54744
22332
43770
11277
50052
44469
51382
38301
8632
52595
48444
18206
45677
10300
21347
31016
36579
43957
54130
45574
40271
12376
41862
50110
28383
33428
50314
35335
34847
19552
30314
39643
50693
2687
34542
24798
35882
44867
53446
22950
20454
35005
51035
245
25899
20262
11016
5895
46508
32540
21553
31895
17158
7942
1810
38475
42201
36481
15114
42822
39193
13076
49645
22052
41814
42188
47883
2404
4487
53982
50331
14329
32433
39016
31560
10276
16156
39523
27402
2044
8224
1024
52258
35038
16064
49281
14536
990
53793
6602
6060
53249
47636
38359
50244
42537
21308
49130
14121
43810
31765
34525
43386
43137
27468
6104
38335
13753
45002
24069
1505
52112
17337
42107
49979
7788
1456
16232
51016
14040
29597
5283
35879
39521
18946
45164
44485
15335
39512
9829
29657
33602
48845
46680
10200
6642
7592
25239
20016
39890
48354
53506
26661
10168
24264
52201
52081
25134
36193
40971
45887
49414
29331
16033
53352
12682
19967
3904
46788
43789
51947
39603
17643
26845
33634
1531
37907
34751
38404
18457
34614
8759
3140
37293
30149
37090
19459
13658
36073
18176
43535
35681
3060
41072
49563
31727
10199
19331
21055
42225
5052
26152
50760
42635
468
49390
45462
14816
784
24787
17515
5483
28785
24966
26523
52434
52712
47763
26226
30165
33339
29891
18523
20724
42879
16612
49169
1878
48915
36620
19223
402
50841
20300
33603
8305
27610
43780
13198
2109
14211
14410
1633
12760
20528
35181
8641
7382
33610
12815
44767
11726
34398
7108
40494
54593
15235
9636
49758
16659
53553
38858
34514
53258
32908
21193
3960
25079
3984
15634
47057
20100
51042
7726
23814
32577
50042
9580
32471
29431
15990
3425
48216
41680
46612
28252
30617
44849
30859
11389
21366
12483
39236
28433
46641
47133
32079
26370
36268
49753
35415
51300
36877
49605
32574
31997
25970
51698
46155
35554
26675
2238
45698
34537
47675
47716
42415
14268
33694
41521
39569
42310
50569
12266
10518
49018
22283
9064
46647
775
53116
37845
7017
53847
47048
3454
31933
31858
37545
24522
48736
44371
1226
38620
48938
52341
54713
53583
19752
39975
31267
44729
32203
53492
11588
48888
44503
34456
235
4117
43480
23155
45436
11142
2399
42371
29386
26016
53641
43759
50703
4829
49896
44582
27224
29511
52670
26219
23852
22139
44771
13496
27966
13018
27946
41360
26177
12663
37785
12526
2282
2839
29137
17028
3159
51674
26441
44559
9103
9264
9155
41897
47022
8179
3967
13883
26677
49239
14795
51597
11643
44493
44978
44987
4621
53158
43420
37958
53407
48098
43080
12308
37062
40654
36657
21645
50853
44727
7866
2495
13258
51840
26608
14416
11776
8323
32082
14355
51298
41952
18053
15023
31248
21581
53945
13097
18171
11059
45484
227
47072
8518
36124
13685
12626
32949
5408
3469
37276
4568
46409
13261
332
38184
46004
43115
3363
48311
15859
3682
28273
33696
861
4559
30270
28932
21601
38938
26966
47289
2628
33764
45658
15550
7652
19867
32736
43005
28283
7882
22793
21288
17540
18490
52469
37340
4819
29139
32524
27172
50310
51325
7363
6173
15598
349
53602
52116
35078
38748
25466
15876
9504
39466
6691
31341
18357
48398
27432
49211
17839
18377
20930
2751
35678
19709
26898
25357
26559
31841
51507
38067
15342
15845
15135
11332
19957
23365
2332
269
14375
49902
36350
52331
18083
3771
42336
8335
38365
19932
18549
30540
43660
88
49422
18153
42711
36134
48438
38006
48200
44304
3819
26850
31505
33061
16163
52482
14889
39446
54571
40761
22175
52250
13821
11558
38518
45685
26945
52379
12928
42221
19861
31308
48774
39989
904
12628
3373
37837
30027
13781
41238
38984
5723
43227
16854
28986
14949
41284
33593
13806
12082
12651
5959
16220
35346
28378
3763
52401
23316
14126
41846
48151
21082
2419
20227
47159
13346
10337
41538
8824
30411
42688
10044
51772
30955
7369
11529
43096
42581
18145
46427
13134
30585
33795
32195
41828
33936
32449
42884
46937
46918
27458
28058
2918
12391
16906
15756
26245
15216
50663
23920
8575
41800
21521
41265
17453
7980
14164
5132
25800
17204
21732
9302
31019
42004
32386
5027
6625
2794
21997
19698
30688
26160
12384
45414
552
52310
6945
33851
13234
29980
11684
22312
52581
39712
40537
23980
8051
31352
27226
3380
31900
21725
11857
16040
12989
9215
45308
41363
7238
32754
52786
27063
2573
25750
44107
3107
1758
32885
37379
16870
16810
36564
25808
18830
12488
41743
13811
2277
3701
10137
20860
53981
31656
48106
54757
6792
21435
21765
16397
23777
26926
24230
26465
27649
10652
25347
54414
20521
26329
35715
5191
39163
38943
28846
51316
30099
52051
30223
54023
19138
34428
24946
161
30392
41985
4303
35783
14612
50495
32317
44586
21327
38982
5288
33121
36958
28567
54120
2735
23904
11616
10563
44024
48288
12397
51070
20240
19442
53714
14757
9207
50339
10952
27906
18130
16674
31403
36236
14627
40931
16909
22953
29592
229
13637
52289
3032
52000
12346
20276
10112
18749
10895
43704
41323
45192
53223
19214
49286
6476
5322
6109
20414
37549
21335
46439
52313
28926
46236
35048
28400
42577
3985
35388
49512
28658
43616
41295
31226
3357
13373
28184
29947
12031
5813
1145
48036
45256
5422
27514
42632
15102
54444
1893
16097
21506
47442
42321
52808
23600
6181
17229
15495
17092
24767
8140
15582
22088
34014
18317
11971
16194
40805
53778
38964
21349
15614
22417
33670
32422
19217
42299
11239
44350
27767
53637
51872
20969
4204
49059
42763
17096
32251
54788
6560
40393
24000
8880
32615
49457
34244
13027
12970
50675
20869
22028
11400
20597
14365
3545
20207
32842
42692
32659
50559
44691
53549
12584
1119
38963
2146
18979
36846
30289
35431
50380
12108
33590
33063
49743
49965
18757
15066
3162
25774
22973
23732
49589
28741
34825
43045
25670
34193
21688
23156
32336
13428
37612
33039
23381
13271
43981
40153
12258
6391
20973
6293
19977
54409
24176
33089
31252
22555
6781
20899
4268
9420
38960
49795
21245
43098
4944
755
25221
50762
51557
48482
9980
1197
43650
5084
40559
32857
28508
43584
52323
27440
18703
17195
20848
50274
18898
16464
48527
51565
13074
53403
42192
10115
43750
19206
18322
51049
47921
24661
2441
46927
29249
46709
19682
43768
25664
19762
47485
11666
54564
54051
42012
17487
24835
1050
38707
48022
8095
2743
18412
20113
45185
20674
20428
18774
15978
31094
53901
36157
21852
18580
40419
45758
54659
24121
38087
15455
10406
7067
27821
15319
8127
8189
39153
10077
47327
45394
5471
33463
25330
51179
30715
17137
25640
47622
14715
111
4545
22730
33686
39454
48015
6370
34808
5910
31452
45886
54765
32020
40002
44507
21965
36188
50645
39956
32113
33454
7178
46095
19181
39286
18189
11469
14178
12235
15371
37052
44882
39540
5236
31719
13891
22214
1961
42355
36838
11282
28528
3848
33484
53092
2498
8435
27090
43676
31333
1135
24826
30309
35059
23711
42092
52284
47820
43576
44492
17168
10147
19397
26566
54263
54477
4373
9057
37356
28320
25191
30571
14576
50679
31938
53701
10506
16844
45668
3924
43092
35553
20234
44943
12801
15814
9262
3360
37244
3792
10476
15764
5164
33529
30352
17725
42959
40959
51746
18241
5646
17264
15592
38092
48535
14905
17684
18542
47976
5202
26244
27373
2820
13363
51509
26613
21411
26569
1546
14296
9398
4191
13700
3444
38061
37816
26034
41915
7915
8592
7780
4168
4456
23539
1178
16819
41763
7875
31621
33379
48950
4198
30914
46461
9634
9973
40929
5972
50190
35844
25152
22855
35285
10375
39440
1835
40980
5418
43351
49214
38657
21153
38607
10394
23014
28009
46757
50744
47266
46729
36743
42899
43775
53401
31773
6479
35437
50016
42557
26456
9743
16629
34102
22070
984
914
38028
33984
20143
18732
54273
46580
4109
13115
29790
17155
651
3002
41305
14725
5338
4804
32849
14923
10249
8108
594
21787
38267
48453
30563
24427
33758
28723
18916
12036
8932
17559
50930
6975
36129
39554
22600
28553
49079
5439
7239
18026
36306
30489
37776
36758
51894
51162
24460
46162
31497
34734
10191
38017
44594
9133
31421
9532
35204
16248
14133
42346
30576
36969
42607
53036
37841
35451
7941
32703
50735
6888
32591
25514
26251
41581
8899
23223
29837
37781
20216
23176
42675
32445
20418
38016
3008
46982
47248
37097
20562
5448
50522
12660
29615
50542
21816
33174
12503
35936
16083
22568
52805
11978
11055
45221
31039
53575
28228
43511
49163
22413
23169
42870
20754
5763
39144
18997
19407
33288
34289
17778
13734
27601
11397
54715
9473
53345
20321
14469
52824
42645
48232
46027
19155
46921
19537
42341
33501
15326
44411
14378
20071
53283
22911
11032
31084
28190
51375
5849
49256
13021
19777
22159
29683
1570
3977
45156
21630
37
15803
26757
10349
14022
33916
44046
2101
47578
18840
49203
48889
18569
26623
7908
45121
12862
48857
15256
16392
5664
42016
7810
21902
39375
28475
7763
50406
35640
33158
51130
38114
8677
42769
34635
48240
46487
25943
43945
14593
42465
43015
34563
20977
2195
52617
47925
28546
5722
18722
18576
43341
11452
27871
19524
16023
12670
53986
41844
36961
40156
45539
39052
35534
7628
37508
13789
53978
45107
44572
10863
18086
33996
1926
20940
4414
17172
16421
26942
47032
30802
4732
23476
19004
27765
21464
15106
36904
9848
29799
27569
44803
480
34100
27027
36912
23611
27938
28922
15349
45584
1705
29979
42521
41488
12893
27071
20554
44162
49268
46174
51864
24702
46280
1304
5063
32651
12485
18338
54271
22038
22222
52213
52976
45076
52919
39359
43257
50771
53959
49603
3942
52074
18215
14697
46139
21888
5612
52128
7867
311
16727
7805
1032
28620
5248
10613
30005
35634
41404
44856
26190
35322
20023
19687
40909
14515
41937
40869
50410
11214
35727
38410
53738
1839
12698
4070
36930
15682
6751
53490
15089
41630
26859
23338
11771
30723
35028
22870
31646
2614
29410
51538
41972
53194
25273
11229
39726
24620
14264
49683
5093
20955
25526
12195
30666
18482
6574
2753
5517
50374
35834
47273
10887
17576
25612
40637
43477
504
39320
39920
2656
5945
44631
29404
51200
3448
8397
27849
27788
17692
3278
1256
33768
19841
14373
25737
28047
50624
48993
7141
42587
38660
30413
41
48902
34705
16412
36447
31583
7344
53724
31824
2962
49405
20330
25822
16351
6328
39262
12902
32794
44481
28577
54630
26997
33245
50633
37501
10843
39948
31559
50867
5527
53080
53955
23378
43493
30255
38182
3748
21263
25594
10805
7327
938
14468
25588
31902
27142
13591
35371
46655
19367
23064
38763
4332
4144
43213
48698
27796
36709
4153
40794
45566
51230
47932
1618
44661
5211
50178
31513
11323
5955
20479
3614
47598
51524
43864
17051
29827
43458
48316
9212
34557
19818
47970
24925
25969
21373
47256
8164
52218
54675
13390
40425
15143
4213
27494
52274
10227
19796
30527
11819
14710
40771
15969
43799
30638
6363
45588
11477
4583
1156
25416
44329
39464
17327
6844
17805
10519
34848
46170
47902
22316
34294
24691
21388
48335
36864
9405
14426
25272
34505
15524
44553
37442
18288
23670
33805
26505
680
32208
16522
183
38129
3222
50901
8772
19874
52748
53948
5033
34911
48592
2618
45534
44320
51973
19731
10338
10152
23607
48053
3962
15951
9341
18686
6871
21145
49868
13447
35751
20705
22652
37471
51513
10906
8291
54457
28310
47404
44005
22080
41016
40767
38668
39264
15008
38032
35491
6785
27977
30398
39047
4335
52671
12306
5564
27911
19605
10581
12251
51359
42102
3649
41667
39810
26404
27428
45350
50332
28783
53975
41175
32724
9014
28890
40940
8039
29124
14669
23433
30993
1802
40048
24368
39409
5681
7233
3691
45199
11798
51931
15323
23424
49309
9459
18504
30856
16353
52491
50395
47839
10836
23129
38972
32712
32512
29642
42491
25050
15165
37927
20945
43935
6775
2187
20734
41336
42184
34108
11384
10872
36717
17616
51178
28774
44402
11419
3476
1357
46499
14618
9690
17620
24903
8529
44030
51241
12462
9661
5641
41551
45969
50092
53374
34442
37865
3252
50937
33703
14047
23513
42159
13083
13465
27331
2702
36998
4351
35187
24381
23233
39664
18235
20789
27003
7859
31168
31236
52959
44154
36697
49881
37596
25634
41904
19726
38396
16715
39652
35619
26319
38029
41872
12717
19240
19292
34874
46192
5391
39831
38394
52721
6617
2937
49051
9200
1779
43845
18250
45937
24162
41213
53576
19431
8448
47424
22111
23900
49099
33033
22825
15530
19773
1221
12180
6831
52962
11652
20807
43320
52188
9632
43856
20170
45171
3430
52981
51451
12666
41634
52585
26893
18651
33360
1559
31962
13908
2870
4402
43090
44624
18160
3311
42219
42105
22890
44297
38871
4434
9898
42424
21034
46496
18570
15445
50576
34678
29974
42810
36393
10122
29159
32379
43723
31003
23586
31330
38596
40152
6131
46249
20090
51720
43177
46394
6938
35598
17375
20183
21690
47524
1807
44555
6449
23070
5593
14033
13075
33892
25389
3955
41449
19671
54796
46073
5081
862
21562
2432
30068
37142
50294
49004
50718
9680
34026
42548
5068
37167
53270
44716
5250
4059
13107
8969
38821
3232
8364
37157
25819
8887
51691
2549
31295
40121
47172
18184
20928
1672
4306
10812
32919
33735
33831
25556
13548
12115
40542
24284
30133
35030
24729
48044
42293
41709
14299
38810
39427
24864
19487
45620
39173
7958
2084
1769
10765
11201
33920
31347
48628
19620
24144
16487
2807
39846
11876
44440
11270
4933
17042
19886
42453
33135
28144
40716
30776
1749
35001
11046
34981
42097
48405
43867
3609
32010
51990
49118
45871
51490
10746
13654
40903
16311
48150
42720
19585
21105
41416
48281
40325
46695
30780
22537
15107
26974
23654
29733
15486
33456
26351
4246
35699
50216
15709
42650
31443
7412
17534
37172
17849
53267
13211
31018
22293
29185
48163
3781
45614
41658
5346
13249
12463
30090
12923
52043
35570
15366
5822
12071
9998
15389
41401
53729
31278
17305
38884
11208
32671
18644
38652
28064
41077
31204
44076
48716
25368
14772
10019
12007
52938
43932
30155
7525
38790
52181
52684
15909
22812
7989
52691
14117
48515
21892
19705
9450
7193
25366
33803
38672
39850
37271
11830
20002
51922
35016
50031
34221
21524
23301
38430
48500
40003
34023
25992
34349
38308
5193
25031
15683
25063
15263
10817
6915
18592
50434
28152
31888
47707
3477
24184
52882
20847
52198
34538
31061
28085
25554
16345
46963
1489
25733
48566
42114
33729
50654
27842
21108
46837
11915
14527
42335
23784
41103
28331
19902
31657
53704
29520
222
29579
25767
44599
18646
32
11331
41941
922
51002
49090
44078
38891
24519
50925
4098
19297
17160
21313
5783
21045
41525
37643
21737
21485
36209
10465
25235
4252
39987
24699
35775
47817
45020
12945
36257
28763
37511
15564
38700
31798
22201
11299
9590
36702
45549
17223
39352
7667
8236
1246
4668
3244
7258
50350
43280
6027
24500
26928
8566
20051
18940
11814
45917
11151
52324
36213
29201
23089
1170
40132
17505
3461
54401
49002
16210
12636
48237
26008
21653
12098
26486
34988
19159
53878
17462
46714
27552
4779
516
38777
13916
13723
6346
8844
22651
37044
20961
9279
32818
40301
39967
10536
3305
54060
51918
33112
6160
8690
25691
25893
33310
16533
13241
10545
47313
53493
15084
5856
32492
7001
20827
9038
20431
28876
38451
14566
11025
47380
33048
24100
41282
51784
25158
37945
25342
47358
45961
15759
23680
42151
22803
3110
31541
13620
13207
11867
23154
43106
33834
39429
38515
44935
18676
25917
45954
7253
52017
39879
50652
6739
51735
21824
10727
45276
48304
15414
35447
45469
24845
54759
10286
19119
36892
14320
37937
29583
15117
41390
36394
46237
32053
12466
21757
9441
25503
40833
14214
44130
54510
52797
1988
32381
5477
37769
20793
46853
46224
42143
14251
42821
2953
11305
25278
32764
14193
21348
46417
17440
9449
17645
22813
20511
10597
2304
26953
30425
27725
22092
35710
3195
13259
50428
50436
37188
10947
14380
10455
43646
14938
12887
25402
7526
5375
30468
20199
33235
41728
17031
42474
30890
25166
52406
1869
50466
52793
43467
7287
19031
4282
13957
23541
26572
14460
28203
39079
43196
34776
17572
8696
33491
24395
38850
39631
42796
18418
8636
48202
11134
1241
20553
3871
35389
24576
38616
26727
34256
20833
49649
7398
43969
49820
11020
33151
14151
12247
15152
1740
45958
13973
27619
37721
39937
41473
26917
22185
34955
2582
31878
46782
24999
8526
34898
42056
787
38242
23298
25378
10463
49431
15393
24888
19557
173
37948
26710
6018
6753
26693
40820
54304
22303
24821
49772
23962
37253
42358
13578
22510
46401
11553
53112
49542
29451
21441
20718
36617
52639
12767
34974
14335
7063
45795
23353
30279
28082
21179
9458
38168
10482
9990
51867
38383
11735
2799
27898
6462
33504
47559
42826
10992
35612
50722
38080
12508
9754
19375
2379
37086
12168
32129
46110
585
45081
41027
25090
152
27634
53621
27215
14209
2629
34499
44206
11578
33264
23890
6793
21832
17429
40707
49062
14401
2906
38038
17073
35152
37765
53647
12592
47898
39377
34622
3415
28173
28410
9541
53990
53354
2843
24308
3673
38234
26312
52565
11505
9284
18746
2978
36023
38489
3205
4126
52359
13533
54226
4258
49977
49482
53844
53743
25543
13839
21094
1303
41836
24318
46318
3519
24039
9342
35022
34087
18118
22653
6849
35765
31361
4957
29150
38920
1715
53510
37281
13613
8832
27528
4322
31383
9007
27367
33709
27916
44271
29991
16598
1120
3089
24124
43815
23704
51957
49367
29424
29585
30176
54350
26285
19173
44316
51418
12187
4841
16365
31231
17934
29778
12060
44780
18471
9078
23423
8556
3539
21585
45946
26445
29973
43730
46291
47745
50229
4643
38530
48028
26682
51458
42460
35054
36097
49948
22204
40076
22002
30069
44262
4524
50708
3991
19922
46361
22194
51634
29700
7515
41100
51250
21497
37400
16175
19313
42623
31046
34462
16091
43057
36065
51547
2897
9270
19502
6036
47480
37709
12404
30457
28452
53159
53210
53794
43218
5447
1070
11498
53929
45504
6497
8926
16583
11356
26446
7437
43317
10827
43512
24271
45373
40040
27880
15539
46910
11343
11755
37467
6433
33755
1766
27205
33506
36329
49500
13319
6318
54143
26817
53282
12021
18737
33974
48472
36104
35728
6925
26457
4660
30939
13581
30371
9873
4361
48375
5907
243
34375
29481
52829
39804
45861
14500
38558
47220
2728
47887
26394
6743
37203
51152
28077
23418
52759
12744
23324
53958
8210
11869
45280
7302
48385
51818
34181
32099
22840
52738
575
40213
24189
50504
49627
43400
30537
46366
27160
6367
50405
24541
46693
18880
12153
29374
26753
53330
30062
636
393
44144
48494
28899
27777
28068
42871
17969
13054
32575
28196
8624
50452
370
4072
1703
35379
43540
27439
38799
4616
42061
46354
18889
30810
21016
15519
52308
31433
30180
10082
17421
31832
45780
6593
10704
13721
35234
51033
3513
41159
24101
52345
34813
11074
47691
