B  10  20
11111000000000000000111110000000000000001111100000
00000000000010011100000000000000101101000000000000
11111000011111100001111111011011111000111111111101
00000110110000011000001100000000000100001111000000
D  10  20
DD10DD010D01D01D10DD10100D1DD00D101D01101D010DD100
DD1000DD1100D0D0111D101DD01D101D100
B  20  30
00000111000011111111111000011100001011000001111111
11100001111111011100000001111111100001110001110011
11010111111111010000010000101111101111111111111000
00001010000000010110011100000000101011000000000111
01110000000011000000000000111111100000001000001100
00000001110001111000001100000000000101100110001000
11111111111111100000000000000011111111111111100000
00000000001111111111111110000000000000001111111111
11111000000000000000111111111111111000000000000000
11111111111111111111111000000011111111111111111111
11100000001111111111111111111111100000001111111111
11111111111110000000111111111111111111111110000000
D  20  30
DDDD0011DD01101D011D0D01D010D100D10D0DD11011001DD0
10D101DD0D001001DD1010D101100DD10001D01000D1D01DD1
0D10110DDD10001D011DD0010111D01D101DD10001DDD10100
000D110D0101D0010
B  30  40
00000000000000000000111111111111111111110000000000
00000000001111111111010001111100000000000000000000
11111111111110111111000000000000000000001111111111
00011111110000000000000000000011111111111111100000
00000000000000000000111111111111111000000000000000
00000000001111111111111110000000000000000000000000
11111111111111100000000000000000000000000011100010
00000000000000000000000000000011010000100000000000
00000000000000000000000000101000000000000000000000
00000000000001000110000000000000000000000000000000
01011010000000000000000000000000000000000110001000
00000000000000000000000000000000001111100000000000
01010000110000000000111111111111111111110110110001
00000000001111111111111111111110000110110000000000
11111111111111111111000000011100000000001111111111
11111111111111110111000000000011111111111111111111
11111011110000000000111111111111111111111111101011
00000000001111111111111111111111111100110000000000
11111111111111111111111110000000000111111111111111
11111111111111100000000001110011111111111111111111
11111000000000011100111111111111111111111111100000
00000111101111111111111111111111000110110000000000
11111111111111111111000001111100000000001111111111
11111111110001110100000000000011111111111111111111
D  30  40
D0D1DDD11D010D1100D1100D0111110DDD0110D11100D0010D
0D1010DD01001D1010DDD010D011D11000D01DDD010D01001D
100DDDDD010D011D1001DD100000DD00D100D1101D100111DD
D101D0111DD010D10010D10DD1000001DD10111DD1010D0D1D
11001D0010001
B  40  50
00000000000000000000000000000000000000000000000000
00000000000000000000000000000000000000000000000000
00000000000000000000000000000000000000000000000000
00000000000000000000000000000000000000000000000000
00000000000000000000000000000000000000000000000000
00000000000000000000000000000000000000000000000000
00000000000000000000000000000000000000000000000000
00000000000000000000000000000000000000000000000000
00000000000000000000000000000000000000000000000000
00000000000000000000000000000000000000000000000000
00000000000000000000000000000000000000000000000000
00000000000000000000000000000000000000000000000000
00000000000000000000000000000000000000000000000000
00000000000000000000000000000000000000000000000000
00000000000000000000000000000000000000000000000000
00000000000000000000000000000000000000000000000000
00000000000000000000000000000000000000000000000000
00000000000000000000000000000000000000000000000000
00000000000000000000000000000000000000000000000000
00000000000000000000000000000000000000000000000000
00000000000000000000000000000000000000000000000000
00000000000000000000000000000000000000000000000000
00000000000000000000000000000000000000000000000000
00000000000000000000000000000000000000000000000000
00000000000000000000000000000000000000000000000000
00000000000000000000000000000000000000000000000000
00000000000000000000000000000000000000000000000000
00000000000000000000000000000000000000000000000000
00000000000000000000000000000000000000000000000000
00000000000000000000000000000000000000000000000000
00000000000000000000000000000000000000000000000000
00000000000000000000000000000000000000000000000000
00000000000000000000000000000000000000000000000000
00000000000000000000000000000000000000000000000000
00000000000000000000000000000000000000000000000000
00000000000000000000000000000000000000000000000000
00000000000000000000000000000000000000000000000000
00000000000000000000000000000000000000000000000000
00000000000000000000000000000000000000000000000000
00000000000000000000000000000000000000000000000000
D  40  50
0
