809990
508947
599791
556605
603820
646370
478461
313217
739014
719310
729934
424658
706507
402108
84691
621679
463193
85870
213169
175707
186153
481249
486838
559088
66525
382574
652804
584763
371323
353556
36891
371313
688855
463035
117918
309028
299405
422732
622245
54771
332042
368531
479429
54901
596991
390473
676580
250185
302695
79750
252244
315200
560999
739083
64289
627524
138009
717093
228640
509332
87001
91883
706998
775857
554918
651268
274885
680676
264000
723482
735447
422395
282014
231229
477296
705357
448054
343877
145542
577101
249979
397787
82301
637330
153222
146590
281207
291231
690035
336199
626916
777037
428082
523914
569246
809353
365182
670483
680029
629183
583965
431828
67930
692331
663057
545226
587689
127463
715455
559583
704564
791786
147370
613218
445469
126944
586160
726676
418176
466196
79227
235092
259585
507309
585358
18831
506662
140540
689314
203043
596075
463279
634872
664005
171963
314281
225584
759652
441745
767391
509235
162661
749178
482958
775879
384647
609902
552040
127675
44430
34588
33254
105874
294173
540563
691232
313004
63578
21773
192318
92973
444200
481949
727845
298206
480264
58479
523790
429916
326576
307533
765504
315589
246711
264814
107821
457710
701068
486213
411737
571851
520801
444991
677725
4974
175555
385310
144330
65485
407083
163000
158458
677635
471301
712656
165841
141566
597487
515983
397834
114063
13517
179690
256004
86580
444504
363825
544291
161925
40038
146028
733776
560839
591020
427853
392165
592927
3163
362847
484764
236598
525847
469574
104234
13501
198582
96427
155067
796069
612411
552901
736484
452280
732592
182489
538860
193448
546314
99503
355373
586353
71884
105501
163544
489256
533355
382062
272183
536518
744909
583299
599469
287109
242873
703703
300610
441456
800130
282029
253877
428893
661282
6714
71173
410226
189203
436386
603675
561869
535889
785400
164574
434125
717254
328119
113381
440609
536533
211916
803479
471442
795215
592948
584903
54441
313003
711865
322249
303134
183894
576126
732027
35177
582840
629553
271755
598395
82291
65430
350265
444532
677183
514839
68658
584437
669310
182039
41398
395843
393956
671229
693638
205523
280530
294893
259964
593533
196759
582213
723019
207005
174692
471399
68534
583884
290952
340290
372280
199595
232072
548897
644127
99255
253736
712785
510044
749399
721177
377794
335242
131485
239024
45232
337008
519554
340126
423325
129439
536885
195538
42459
743890
196582
513858
2425
780467
631162
342715
169099
20757
574787
717996
664884
500395
798084
394022
26791
737483
305199
404586
89078
263036
643610
134310
600044
179516
474436
213369
308955
201321
235260
351414
771564
258194
691624
773989
55013
512786
133056
224112
359895
534195
768460
41132
224590
582897
261506
77734
336732
393057
482320
425810
656093
315930
560121
446137
495446
50909
485859
630753
252231
547471
172168
213795
632017
53792
4136
687031
392931
773544
737495
752826
497739
522308
620310
548682
295205
71816
626416
458289
464873
298736
74100
310966
441018
460573
583456
762816
511482
85667
583569
590065
459490
755737
630212
281507
635882
634348
158538
45165
597892
722386
797991
111984
434694
434654
660666
556251
506470
303434
204540
797696
602170
104992
125014
59540
565565
708470
12356
93400
620489
422277
683465
269979
194367
503678
551487
20249
154378
536377
65414
578623
275115
689757
516959
709809
140763
367625
282412
473586
671059
313305
461282
289581
418297
586296
349121
173863
311119
187829
267263
121608
610106
777080
391588
630825
297110
769427
477426
277841
322156
542840
682816
423624
248950
389775
149785
389713
583752
432198
689651
271163
745503
340933
560744
353800
117230
736217
354015
254701
750398
447630
376309
376856
241063
594249
197682
538173
380028
675108
642366
702185
234301
515182
315809
309603
731309
465594
525668
505061
724144
405320
602576
659647
572605
179672
29800
689835
105889
383815
770888
682639
657798
337198
249496
88861
121447
273530
453386
501476
774990
285753
220013
199291
627287
362174
335246
548597
654120
687267
70010
568265
282587
672587
244264
45192
678611
274064
561380
610853
484232
522268
483492
158382
685818
559340
247243
807266
22870
700629
325094
797861
176382
371459
13504
630022
733633
175103
368619
404105
52370
264981
162370
161309
763920
406635
206501
632532
507051
594233
433385
7635
132854
743229
166017
8672
492570
413260
642290
341792
130242
793736
156005
132976
355195
805862
762998
105180
170965
147969
509286
49687
239303
498008
210996
193223
730995
243849
652107
428047
28083
101844
262034
160937
35074
428052
805961
527644
667664
638252
695788
624258
621988
41794
757235
167184
37656
536585
272364
34973
684555
608002
84660
113858
296011
122008
133433
217006
365857
785541
471405
220292
77385
559792
207581
112459
177844
203543
466455
671860
31795
178596
486119
653783
220390
433354
647319
84398
159939
746036
119371
670846
544038
30383
611056
666401
788743
744490
709760
170952
720031
197517
391245
623768
757309
598826
562580
761505
628721
219035
623366
660516
397631
299485
330652
444373
559191
167971
528771
545482
740359
474494
232681
300750
331229
33737
157151
309972
778227
693263
480925
514610
80781
698522
328379
28090
313700
80959
789596
132422
126346
429314
619290
350330
728799
139942
621055
304342
134266
166179
676176
64625
640673
98857
191727
798255
768947
348879
298227
563526
232142
605504
268137
139275
320378
422868
167366
634079
330179
783314
766501
282877
402628
575791
633207
147779
542086
270615
452121
502704
436794
144649
393681
267467
69859
585409
82074
28806
760640
206654
418684
9134
2158
513173
148410
322537
126041
315776
782968
282572
115442
739469
565450
518070
331612
215009
665849
700050
485624
134322
392754
112418
278971
612788
206238
175182
388197
288312
30340
338837
494966
449025
174323
497125
152198
322733
646014
104592
464861
618982
387164
580303
374803
142614
288373
532767
183976
780574
422818
669600
104896
641924
782019
383868
444712
178257
385402
659261
466569
415743
14450
787888
54768
188774
301365
33318
511507
137379
137910
802721
582713
525075
573024
783868
494041
687750
506635
678017
658324
755805
537618
763221
414082
335989
163441
685146
340598
548843
534408
633519
154586
375210
611407
35706
563984
102772
69025
91844
66503
206935
